

Started GET "/" for 127.0.0.1 at 2015-06-22 15:38:44 -0400
Processing by Rails::WelcomeController#index as HTML
  Rendered /home/austin/.rvm/gems/ruby-2.2.1/gems/railties-4.2.2/lib/rails/templates/rails/welcome/index.html.erb (2.1ms)
Completed 200 OK in 62ms (Views: 33.0ms | ActiveRecord: 0.0ms)


Started GET "/rails/info/properties" for 127.0.0.1 at 2015-06-22 15:42:11 -0400
Processing by Rails::InfoController#properties as HTML
  Rendered /home/austin/.rvm/gems/ruby-2.2.1/gems/railties-4.2.2/lib/rails/templates/rails/info/properties.html.erb (0.4ms)
Completed 200 OK in 88ms (Views: 13.7ms | ActiveRecord: 2.0ms)


Started GET "/" for 127.0.0.1 at 2015-06-22 15:53:02 -0400
Processing by ApplicationController#hello as HTML
  Rendered text template (0.0ms)
Completed 200 OK in 45ms (Views: 44.1ms | ActiveRecord: 0.0ms)


Started GET "/" for 127.0.0.1 at 2015-06-22 15:53:05 -0400
Processing by ApplicationController#hello as HTML
  Rendered text template (0.2ms)
Completed 200 OK in 5ms (Views: 3.7ms | ActiveRecord: 0.0ms)


Started GET "/" for 127.0.0.1 at 2015-06-22 15:53:05 -0400
Processing by ApplicationController#hello as HTML
  Rendered text template (0.0ms)
Completed 200 OK in 0ms (Views: 0.2ms | ActiveRecord: 0.0ms)


Started GET "/" for 127.0.0.1 at 2015-06-22 15:53:05 -0400
Processing by ApplicationController#hello as HTML
  Rendered text template (0.0ms)
Completed 200 OK in 0ms (Views: 0.2ms | ActiveRecord: 0.0ms)
